
2005-07-09 00:56:18.081: The login-server starting...
2005-07-09 00:56:18.094: The configuration of the server is set:
2005-07-09 00:56:18.094: - with no remote administration.
2005-07-09 00:56:18.094: - to accept any IP for remote administration
2005-07-09 00:56:18.094: - with the DEFAULT 'To GM become' password (gm_pass).
2005-07-09 00:56:18.094: - to create GM with level '60' when @gm is used.
2005-07-09 00:56:18.094: - to ALLOW new users (with _F/_M).
2005-07-09 00:56:18.094: - with port: 6900.
2005-07-09 00:56:18.094: - with the accounts file name: 'save/account.txt'.
2005-07-09 00:56:18.094: - with the GM accounts file name: 'conf/GM_account.txt'.
2005-07-09 00:56:18.094: - to check GM accounts file modifications every 15 seconds.
2005-07-09 00:56:18.094: - to save password in plain text.
2005-07-09 00:56:18.094: - with the unknown packets file name: 'log/login_unknown_packets.log'.
2005-07-09 00:56:18.094: - to SAVE only unkown packets sending by a char-server or a remote administration.
2005-07-09 00:56:18.094: - to NOT display normal parse packets on console.
2005-07-09 00:56:18.094: - to NOT display administration parse packets on console.
2005-07-09 00:56:18.094: - to NOT display char-server parse packets on console.
2005-07-09 00:56:18.094: - with no minimum level for connection.
2005-07-09 00:56:18.095: - to refuse adjustment (with timeadd ladmin) on an unlimited account. You must use timeset (ladmin command) before.
2005-07-09 00:56:18.095: - to create new accounts with an unlimited time.
2005-07-09 00:56:18.095: - with control of players IP between login-server and char-server.
2005-07-09 00:56:18.095: - with the IP security order: 'deny,allow' (allow if not deny). You refuse no IP.
2005-07-09 00:56:18.097: The LAN configuration of the server is set:
2005-07-09 00:56:18.097: - with LAN IP of char-server: 127.0.0.1.
2005-07-09 00:56:18.097: - with the sub-network of the char-server: 127.0.0.1/255.255.255.255.
2005-07-09 00:56:18.121: 6 accounts read in save/account.txt, of which is no GM account and 5 server accounts ('S').
2005-07-09 00:56:18.123: read_gm_account: file 'conf/GM_account.txt' read (0 GM accounts found).
2005-07-09 00:56:18.204: The login-server is ready (Server is listening on the port 6900).

2005-07-09 01:07:46.951: The login-server starting...
2005-07-09 01:07:46.951: The configuration of the server is set:
2005-07-09 01:07:46.951: - with a remote administration with the DEFAULT password.
2005-07-09 01:07:46.951: - to accept any IP for remote administration
2005-07-09 01:07:46.951: - with the DEFAULT 'To GM become' password (gm_pass).
2005-07-09 01:07:46.951: - to create GM with level '99' when @gm is used.
2005-07-09 01:07:46.951: - to ALLOW new users (with _F/_M).
2005-07-09 01:07:46.951: - with port: 6900.
2005-07-09 01:07:46.951: - with the accounts file name: 'save/account.txt'.
2005-07-09 01:07:46.951: - with the GM accounts file name: 'conf/GM_account.txt'.
2005-07-09 01:07:46.951: - to check GM accounts file modifications every 15 seconds.
2005-07-09 01:07:46.951: - to save password in plain text.
2005-07-09 01:07:46.951: - with the unknown packets file name: 'log/login_unknown_packets.log'.
2005-07-09 01:07:46.951: - to SAVE only unkown packets sending by a char-server or a remote administration.
2005-07-09 01:07:46.951: - to NOT display normal parse packets on console.
2005-07-09 01:07:46.951: - to NOT display administration parse packets on console.
2005-07-09 01:07:46.951: - to NOT display char-server parse packets on console.
2005-07-09 01:07:46.951: - with no minimum level for connection.
2005-07-09 01:07:46.951: - to refuse adjustment (with timeadd ladmin) on an unlimited account. You must use timeset (ladmin command) before.
2005-07-09 01:07:46.952: - to create new accounts with an unlimited time.
2005-07-09 01:07:46.952: - with control of players IP between login-server and char-server.
2005-07-09 01:07:46.952: - with the IP security order: 'deny,allow' (allow if not deny). You refuse no IP.
2005-07-09 01:07:46.953: The LAN configuration of the server is set:
2005-07-09 01:07:46.953: - with LAN IP of char-server: 127.0.0.1.
2005-07-09 01:07:46.953: - with the sub-network of the char-server: 127.0.0.1/255.255.255.255.
2005-07-09 01:07:46.955: 6 accounts read in save/account.txt, of which is no GM account and 5 server accounts ('S').
2005-07-09 01:07:46.956: read_gm_account: file 'conf/GM_account.txt' read (0 GM accounts found).
2005-07-09 01:07:47.209: The login-server is ready (Server is listening on the port 6900).
2005-07-09 01:08:05.399: Connection request of the char-server 'eAthena' @ 127.0.0.1:6121 (ip: 127.0.0.1)
2005-07-09 01:08:05.399: Authentification accepted (account: s1 (id: 0), ip: 127.0.0.1)
2005-07-09 01:08:05.442: Connection of the char-server 'eAthena' accepted (account: s1, pass: p1, ip: 127.0.0.1)
2005-07-09 01:21:45.820: Char-server 'eAthena' has disconnected (ip: 127.0.0.1).
2005-07-09 01:21:47.130: ----End of login-server (normal end with closing of all files).
