InnoDB: The first specified data file C:\eAthena\eapp\mysql_data\ibdata1 did not exist:
InnoDB: a new database to be created!
050627 23:21:24  InnoDB: Setting file C:\eAthena\eapp\mysql_data\ibdata1 size to 10 MB
InnoDB: Database physically writes the file full: wait...
050627 23:21:25  InnoDB: Log file C:\eAthena\eapp\mysql_data\ib_logfile0 did not exist: new to be created
InnoDB: Setting log file C:\eAthena\eapp\mysql_data\ib_logfile0 size to 5 MB
InnoDB: Database physically writes the file full: wait...
050627 23:21:25  InnoDB: Log file C:\eAthena\eapp\mysql_data\ib_logfile1 did not exist: new to be created
InnoDB: Setting log file C:\eAthena\eapp\mysql_data\ib_logfile1 size to 5 MB
InnoDB: Database physically writes the file full: wait...
InnoDB: Doublewrite buffer not found: creating new
InnoDB: Doublewrite buffer created
InnoDB: Creating foreign key constraint system tables
InnoDB: Foreign key constraint system tables created
050627 23:21:32 [Warning] Can't open and lock time zone table: Table 'mysql.time_zone_leap_second' doesn't exist trying to live without them
050627 23:24:36  InnoDB: Database was not shut down normally!
InnoDB: Starting crash recovery.
InnoDB: Reading tablespace information from the .ibd files...
InnoDB: Restoring possible half-written data pages from the doublewrite
InnoDB: buffer...
050627 23:24:36  InnoDB: Starting log scan based on checkpoint at
InnoDB: log sequence number 0 36808.
InnoDB: Doing recovery: scanned up to log sequence number 0 43634
050627 23:24:36  InnoDB: Starting an apply batch of log records to the database...
InnoDB: Progress in percents: 3 4 5 6 7 8 9 10 11 12 13 14 15 16 17 18 19 20 21 22 23 24 25 26 27 28 29 30 31 32 33 34 35 36 37 38 39 40 41 42 43 44 45 46 47 48 49 50 51 52 53 54 55 56 57 58 59 60 61 62 63 64 65 66 67 68 69 70 71 72 73 74 75 76 77 78 79 80 81 82 83 84 85 86 87 88 89 90 91 92 93 94 95 96 97 98 99 
InnoDB: Apply batch completed
050627 23:24:37  InnoDB: Flushing modified pages from the buffer pool...
050627 23:24:37 [Warning] Can't open and lock time zone table: Table 'mysql.time_zone_leap_second' doesn't exist trying to live without them
050627 23:32:24  InnoDB: Database was not shut down normally!
InnoDB: Starting crash recovery.
InnoDB: Reading tablespace information from the .ibd files...
InnoDB: Restoring possible half-written data pages from the doublewrite
InnoDB: buffer...
050627 23:32:24  InnoDB: Starting log scan based on checkpoint at
InnoDB: log sequence number 0 43634.
InnoDB: Doing recovery: scanned up to log sequence number 0 43634
050627 23:32:24  InnoDB: Flushing modified pages from the buffer pool...
050627 23:32:24 [Warning] Can't open and lock time zone table: Table 'mysql.time_zone_leap_second' doesn't exist trying to live without them
050627 23:44:00  InnoDB: Database was not shut down normally!
InnoDB: Starting crash recovery.
InnoDB: Reading tablespace information from the .ibd files...
InnoDB: Restoring possible half-written data pages from the doublewrite
InnoDB: buffer...
050627 23:44:00  InnoDB: Starting log scan based on checkpoint at
InnoDB: log sequence number 0 43634.
InnoDB: Doing recovery: scanned up to log sequence number 0 43634
050627 23:44:01  InnoDB: Flushing modified pages from the buffer pool...
050627 23:44:01 [Warning] Can't open and lock time zone table: Table 'mysql.time_zone_leap_second' doesn't exist trying to live without them
050627 23:50:43  InnoDB: Database was not shut down normally!
InnoDB: Starting crash recovery.
InnoDB: Reading tablespace information from the .ibd files...
InnoDB: Restoring possible half-written data pages from the doublewrite
InnoDB: buffer...
050627 23:50:43  InnoDB: Starting log scan based on checkpoint at
InnoDB: log sequence number 0 43634.
InnoDB: Doing recovery: scanned up to log sequence number 0 43634
050627 23:50:43  InnoDB: Flushing modified pages from the buffer pool...
050627 23:50:43 [Warning] Can't open and lock time zone table: Table 'mysql.time_zone_leap_second' doesn't exist trying to live without them
050627 23:52:59  InnoDB: Database was not shut down normally!
InnoDB: Starting crash recovery.
InnoDB: Reading tablespace information from the .ibd files...
InnoDB: Restoring possible half-written data pages from the doublewrite
InnoDB: buffer...
050627 23:52:59  InnoDB: Starting log scan based on checkpoint at
InnoDB: log sequence number 0 43634.
InnoDB: Doing recovery: scanned up to log sequence number 0 43634
050627 23:52:59  InnoDB: Flushing modified pages from the buffer pool...
050627 23:53:00 [Warning] Can't open and lock time zone table: Table 'mysql.time_zone_leap_second' doesn't exist trying to live without them
050627 23:59:22  InnoDB: Database was not shut down normally!
InnoDB: Starting crash recovery.
InnoDB: Reading tablespace information from the .ibd files...
InnoDB: Restoring possible half-written data pages from the doublewrite
InnoDB: buffer...
050627 23:59:22  InnoDB: Starting log scan based on checkpoint at
InnoDB: log sequence number 0 43634.
InnoDB: Doing recovery: scanned up to log sequence number 0 43634
050627 23:59:22  InnoDB: Flushing modified pages from the buffer pool...
050627 23:59:22 [Warning] Can't open and lock time zone table: Table 'mysql.time_zone_leap_second' doesn't exist trying to live without them
050628  0:09:24  InnoDB: Database was not shut down normally!
InnoDB: Starting crash recovery.
InnoDB: Reading tablespace information from the .ibd files...
InnoDB: Restoring possible half-written data pages from the doublewrite
InnoDB: buffer...
050628  0:09:24  InnoDB: Starting log scan based on checkpoint at
InnoDB: log sequence number 0 43634.
InnoDB: Doing recovery: scanned up to log sequence number 0 43634
050628  0:09:24  InnoDB: Flushing modified pages from the buffer pool...
050628  0:09:24 [Warning] Can't open and lock time zone table: Table 'mysql.time_zone_leap_second' doesn't exist trying to live without them
050628  0:16:10  InnoDB: Database was not shut down normally!
InnoDB: Starting crash recovery.
InnoDB: Reading tablespace information from the .ibd files...
InnoDB: Restoring possible half-written data pages from the doublewrite
InnoDB: buffer...
050628  0:16:10  InnoDB: Starting log scan based on checkpoint at
InnoDB: log sequence number 0 43634.
InnoDB: Doing recovery: scanned up to log sequence number 0 43634
050628  0:16:10  InnoDB: Flushing modified pages from the buffer pool...
050628  0:16:10 [Warning] Can't open and lock time zone table: Table 'mysql.time_zone_leap_second' doesn't exist trying to live without them
050628  0:19:14  InnoDB: Database was not shut down normally!
InnoDB: Starting crash recovery.
InnoDB: Reading tablespace information from the .ibd files...
InnoDB: Restoring possible half-written data pages from the doublewrite
InnoDB: buffer...
050628  0:19:14  InnoDB: Starting log scan based on checkpoint at
InnoDB: log sequence number 0 43634.
InnoDB: Doing recovery: scanned up to log sequence number 0 43634
050628  0:19:15  InnoDB: Flushing modified pages from the buffer pool...
050628  0:19:15 [Warning] Can't open and lock time zone table: Table 'mysql.time_zone_leap_second' doesn't exist trying to live without them
050628  0:53:59  InnoDB: Database was not shut down normally!
InnoDB: Starting crash recovery.
InnoDB: Reading tablespace information from the .ibd files...
InnoDB: Restoring possible half-written data pages from the doublewrite
InnoDB: buffer...
050628  0:54:00  InnoDB: Starting log scan based on checkpoint at
InnoDB: log sequence number 0 43634.
InnoDB: Doing recovery: scanned up to log sequence number 0 43634
050628  0:54:00  InnoDB: Flushing modified pages from the buffer pool...
050628  0:54:00 [Warning] Can't open and lock time zone table: Table 'mysql.time_zone_leap_second' doesn't exist trying to live without them
050628  1:12:33  InnoDB: Database was not shut down normally!
InnoDB: Starting crash recovery.
InnoDB: Reading tablespace information from the .ibd files...
InnoDB: Restoring possible half-written data pages from the doublewrite
InnoDB: buffer...
050628  1:12:33  InnoDB: Starting log scan based on checkpoint at
InnoDB: log sequence number 0 43634.
InnoDB: Doing recovery: scanned up to log sequence number 0 43634
050628  1:12:33  InnoDB: Flushing modified pages from the buffer pool...
050628  1:12:33 [Warning] Can't open and lock time zone table: Table 'mysql.time_zone_leap_second' doesn't exist trying to live without them
050628  1:54:30  InnoDB: Database was not shut down normally!
InnoDB: Starting crash recovery.
InnoDB: Reading tablespace information from the .ibd files...
InnoDB: Restoring possible half-written data pages from the doublewrite
InnoDB: buffer...
050628  1:54:30  InnoDB: Starting log scan based on checkpoint at
InnoDB: log sequence number 0 43634.
InnoDB: Doing recovery: scanned up to log sequence number 0 43634
050628  1:54:30  InnoDB: Flushing modified pages from the buffer pool...
050628  1:54:30 [Warning] Can't open and lock time zone table: Table 'mysql.time_zone_leap_second' doesn't exist trying to live without them
050628 20:59:08 [Warning] Can't open and lock time zone table: Table 'mysql.time_zone_leap_second' doesn't exist trying to live without them
050628 20:59:08  InnoDB error:
Cannot find table ragnarok/loginlog from the internal data dictionary
of InnoDB though the .frm file for the table exists. Maybe you
have deleted and recreated InnoDB data files but have forgotten
to delete the corresponding .frm files of InnoDB tables, or you
have moved .frm files to another database?
Look from section 15.1 of http://www.innodb.com/ibman.html
how you can resolve the problem.
050628 20:59:08 [ERROR] mysql_embedded: Can't open file: 'loginlog.ibd' (errno: 1)
050628 21:10:43 [Warning] Can't open and lock time zone table: Table 'mysql.time_zone_leap_second' doesn't exist trying to live without them
050628 21:10:43  InnoDB error:
Cannot find table ragnarok/loginlog from the internal data dictionary
of InnoDB though the .frm file for the table exists. Maybe you
have deleted and recreated InnoDB data files but have forgotten
to delete the corresponding .frm files of InnoDB tables, or you
have moved .frm files to another database?
Look from section 15.1 of http://www.innodb.com/ibman.html
how you can resolve the problem.
050628 21:10:43 [ERROR] mysql_embedded: Can't open file: 'loginlog.ibd' (errno: 1)
050628 21:19:57 [Warning] Can't open and lock time zone table: Table 'mysql.time_zone_leap_second' doesn't exist trying to live without them
050628 21:19:57  InnoDB error:
Cannot find table ragnarok/loginlog from the internal data dictionary
of InnoDB though the .frm file for the table exists. Maybe you
have deleted and recreated InnoDB data files but have forgotten
to delete the corresponding .frm files of InnoDB tables, or you
have moved .frm files to another database?
Look from section 15.1 of http://www.innodb.com/ibman.html
how you can resolve the problem.
050628 21:19:57 [ERROR] mysql_embedded: Can't open file: 'loginlog.ibd' (errno: 1)
050628 21:25:22  InnoDB error:
Cannot find table ragnarok/loginlog from the internal data dictionary
of InnoDB though the .frm file for the table exists. Maybe you
have deleted and recreated InnoDB data files but have forgotten
to delete the corresponding .frm files of InnoDB tables, or you
have moved .frm files to another database?
Look from section 15.1 of http://www.innodb.com/ibman.html
how you can resolve the problem.
050628 21:25:22 [ERROR] mysql_embedded: Can't open file: 'loginlog.ibd' (errno: 1)
050628 22:58:33  InnoDB error:
Cannot find table ragnarok/loginlog from the internal data dictionary
of InnoDB though the .frm file for the table exists. Maybe you
have deleted and recreated InnoDB data files but have forgotten
to delete the corresponding .frm files of InnoDB tables, or you
have moved .frm files to another database?
Look from section 15.1 of http://www.innodb.com/ibman.html
how you can resolve the problem.
050628 22:58:33 [ERROR] mysql_embedded: Can't open file: 'loginlog.ibd' (errno: 1)
050629 12:09:57  InnoDB: Started; log sequence number 0 43634
mysqld.exe: ready for connections.
Version: '4.1.12a'  socket: ''  port: 3306  Official MySQL binary
050629 12:12:23  InnoDB: Operating system error number 32 in a file operation.
InnoDB: Some operating system error numbers are described at
InnoDB: http://dev.mysql.com/doc/mysql/en/Operating_System_error_codes.html
InnoDB: File name C:\eAthena\eapp\mysql_data\ibdata1
InnoDB: File operation call: 'open'.
InnoDB: Cannot continue operation.
050629 19:12:17  InnoDB: Started; log sequence number 0 43634
mysqld-nt.exe: ready for connections.
Version: '4.1.12a-nt'  socket: ''  port: 3306  Official MySQL binary
050629 19:13:08  InnoDB: Operating system error number 32 in a file operation.
InnoDB: Some operating system error numbers are described at
InnoDB: http://dev.mysql.com/doc/mysql/en/Operating_System_error_codes.html
InnoDB: File name C:\eAthena\eapp\mysql_data\data\ibdata1
InnoDB: File operation call: 'open'.
InnoDB: Cannot continue operation.
050629 19:14:04  InnoDB: Operating system error number 32 in a file operation.
InnoDB: Some operating system error numbers are described at
InnoDB: http://dev.mysql.com/doc/mysql/en/Operating_System_error_codes.html
InnoDB: File name C:\eAthena\eapp\mysql_data\data\ibdata1
InnoDB: File operation call: 'open'.
InnoDB: Cannot continue operation.
InnoDB: The first specified data file C:\eAthena\eapp\mysql_data\login\ibdata1 did not exist:
InnoDB: a new database to be created!
050629 19:16:19  InnoDB: Setting file C:\eAthena\eapp\mysql_data\login\ibdata1 size to 10 MB
InnoDB: Database physically writes the file full: wait...
050629 19:16:19  InnoDB: Log file C:\eAthena\eapp\mysql_data\login\ib_logfile0 did not exist: new to be created
InnoDB: Setting log file C:\eAthena\eapp\mysql_data\login\ib_logfile0 size to 5 MB
InnoDB: Database physically writes the file full: wait...
050629 19:16:19  InnoDB: Log file C:\eAthena\eapp\mysql_data\login\ib_logfile1 did not exist: new to be created
InnoDB: Setting log file C:\eAthena\eapp\mysql_data\login\ib_logfile1 size to 5 MB
InnoDB: Database physically writes the file full: wait...
InnoDB: Doublewrite buffer not found: creating new
InnoDB: Doublewrite buffer created
InnoDB: Creating foreign key constraint system tables
InnoDB: Foreign key constraint system tables created
050630 19:52:03  InnoDB: Database was not shut down normally!
InnoDB: Starting crash recovery.
InnoDB: Reading tablespace information from the .ibd files...
InnoDB: Restoring possible half-written data pages from the doublewrite
InnoDB: buffer...
050630 19:52:03  InnoDB: Starting log scan based on checkpoint at
InnoDB: log sequence number 0 43634.
InnoDB: Doing recovery: scanned up to log sequence number 0 43634
050630 19:52:04  InnoDB: Flushing modified pages from the buffer pool...
050630 19:53:03  InnoDB: Database was not shut down normally!
InnoDB: Starting crash recovery.
InnoDB: Reading tablespace information from the .ibd files...
InnoDB: Restoring possible half-written data pages from the doublewrite
InnoDB: buffer...
050630 19:53:03  InnoDB: Starting log scan based on checkpoint at
InnoDB: log sequence number 0 43634.
InnoDB: Doing recovery: scanned up to log sequence number 0 43634
050630 19:53:03  InnoDB: Flushing modified pages from the buffer pool...
050630 19:53:35  InnoDB: Database was not shut down normally!
InnoDB: Starting crash recovery.
InnoDB: Reading tablespace information from the .ibd files...
InnoDB: Restoring possible half-written data pages from the doublewrite
InnoDB: buffer...
050630 19:53:35  InnoDB: Starting log scan based on checkpoint at
InnoDB: log sequence number 0 43634.
InnoDB: Doing recovery: scanned up to log sequence number 0 43634
050630 19:53:35  InnoDB: Flushing modified pages from the buffer pool...
050630 19:55:09  InnoDB: Database was not shut down normally!
InnoDB: Starting crash recovery.
InnoDB: Reading tablespace information from the .ibd files...
InnoDB: Restoring possible half-written data pages from the doublewrite
InnoDB: buffer...
050630 19:55:09  InnoDB: Starting log scan based on checkpoint at
InnoDB: log sequence number 0 43634.
InnoDB: Doing recovery: scanned up to log sequence number 0 43634
050630 19:55:10  InnoDB: Flushing modified pages from the buffer pool...
050630 20:45:26  InnoDB: Database was not shut down normally!
InnoDB: Starting crash recovery.
InnoDB: Reading tablespace information from the .ibd files...
InnoDB: Restoring possible half-written data pages from the doublewrite
InnoDB: buffer...
050630 20:45:26  InnoDB: Starting log scan based on checkpoint at
InnoDB: log sequence number 0 43634.
InnoDB: Doing recovery: scanned up to log sequence number 0 43634
050630 20:45:26  InnoDB: Flushing modified pages from the buffer pool...
050630 21:02:17  InnoDB: Database was not shut down normally!
InnoDB: Starting crash recovery.
InnoDB: Reading tablespace information from the .ibd files...
InnoDB: Restoring possible half-written data pages from the doublewrite
InnoDB: buffer...
050630 21:02:17  InnoDB: Starting log scan based on checkpoint at
InnoDB: log sequence number 0 43634.
InnoDB: Doing recovery: scanned up to log sequence number 0 43634
050630 21:02:18  InnoDB: Flushing modified pages from the buffer pool...
050715  1:40:23  InnoDB: Started; log sequence number 0 43634
mysqld-nt.exe: ready for connections.
Version: '4.1.12a-nt'  socket: ''  port: 3306  Official MySQL binary
